{"/Users/bigbabyoftel/Documents/GitHub/pkdx/components/imagePortal.vue": {"path":"/Users/bigbabyoftel/Documents/GitHub/pkdx/components/imagePortal.vue","statementMap":{"0":{"start":{"line":16,"column":7},"end":{"line":16,"column":null}},"1":{"start":{"line":19,"column":6},"end":{"line":19,"column":null}},"2":{"start":{"line":1,"column":0},"end":{"line":1,"column":null}},"3":{"start":{"line":33,"column":9},"end":{"line":33,"column":null}},"4":{"start":{"line":34,"column":10},"end":{"line":34,"column":63}},"5":{"start":{"line":40,"column":11},"end":{"line":40,"column":null}},"6":{"start":{"line":16,"column":2},"end":{"line":49,"column":null}},"7":{"start":{"line":41,"column":8},"end":{"line":49,"column":null}}},"fnMap":{"0":{"name":"(anonymous_0)","decl":{"start":{"line":1,"column":0},"end":{"line":1,"column":null}},"loc":{"start":{"line":42,"column":21},"end":{"line":49,"column":null}},"line":42}},"branchMap":{"0":{"loc":{"start":{"line":26,"column":6},"end":{"line":28,"column":null}},"type":"binary-expr","locations":[{"start":{"line":26,"column":6},"end":{"line":26,"column":null}},{"start":{"line":26,"column":6},"end":{"line":28,"column":null}}],"line":26},"1":{"loc":{"start":{"line":43,"column":16},"end":{"line":43,"column":null}},"type":"binary-expr","locations":[{"start":{"line":43,"column":16},"end":{"line":43,"column":30}},{"start":{"line":43,"column":30},"end":{"line":43,"column":null}}],"line":43},"2":{"loc":{"start":{"line":44,"column":45},"end":{"line":44,"column":null}},"type":"binary-expr","locations":[{"start":{"line":44,"column":45},"end":{"line":44,"column":59}},{"start":{"line":44,"column":59},"end":{"line":44,"column":null}}],"line":44},"3":{"loc":{"start":{"line":49,"column":13},"end":{"line":49,"column":null}},"type":"binary-expr","locations":[{"start":{"line":49,"column":13},"end":{"line":49,"column":29}},{"start":{"line":49,"column":29},"end":{"line":49,"column":null}}],"line":49}},"s":{"0":1,"1":1,"2":1,"3":1,"4":1,"5":1,"6":5,"7":8},"f":{"0":8},"b":{"0":[5,5],"1":[8,1],"2":[8,1],"3":[8,1]},"meta":{"lastBranch":4,"lastFunction":1,"lastStatement":8,"seen":{"s:16:7:16:Infinity":0,"s:19:6:19:Infinity":1,"s:1:0:1:Infinity":2,"s:33:9:33:Infinity":3,"s:34:10:34:63":4,"s:40:11:40:Infinity":5,"s:16:2:49:Infinity":6,"b:26:6:26:Infinity:26:6:28:Infinity":0,"f:1:0:1:Infinity":0,"s:41:8:49:Infinity":7,"b:43:16:43:30:43:30:43:Infinity":1,"b:44:45:44:59:44:59:44:Infinity":2,"b:49:13:49:29:49:29:49:Infinity":3}}}
,"/Users/bigbabyoftel/Documents/GitHub/pkdx/utils/typeColors.ts": {"path":"/Users/bigbabyoftel/Documents/GitHub/pkdx/utils/typeColors.ts","statementMap":{"0":{"start":{"line":2,"column":50},"end":{"line":21,"column":null}},"1":{"start":{"line":23,"column":28},"end":{"line":25,"column":null}},"2":{"start":{"line":24,"column":2},"end":{"line":24,"column":null}}},"fnMap":{"0":{"name":"(anonymous_0)","decl":{"start":{"line":23,"column":28},"end":{"line":23,"column":29}},"loc":{"start":{"line":23,"column":58},"end":{"line":25,"column":null}},"line":23}},"branchMap":{"0":{"loc":{"start":{"line":24,"column":9},"end":{"line":24,"column":null}},"type":"binary-expr","locations":[{"start":{"line":24,"column":9},"end":{"line":24,"column":33}},{"start":{"line":24,"column":33},"end":{"line":24,"column":null}}],"line":24}},"s":{"0":1,"1":1,"2":8},"f":{"0":8},"b":{"0":[8,0]},"meta":{"lastBranch":1,"lastFunction":1,"lastStatement":3,"seen":{"s:2:50:21:Infinity":0,"s:23:28:25:Infinity":1,"f:23:28:23:29":0,"s:24:2:24:Infinity":2,"b:24:9:24:33:24:33:24:Infinity":0}}}
,"/Users/bigbabyoftel/Documents/GitHub/pkdx/utils/utils.ts": {"path":"/Users/bigbabyoftel/Documents/GitHub/pkdx/utils/utils.ts","statementMap":{"0":{"start":{"line":3,"column":22},"end":{"line":3,"column":null}},"1":{"start":{"line":4,"column":8},"end":{"line":4,"column":null}},"2":{"start":{"line":5,"column":2},"end":{"line":5,"column":null}},"3":{"start":{"line":9,"column":22},"end":{"line":9,"column":null}},"4":{"start":{"line":10,"column":21},"end":{"line":10,"column":null}},"5":{"start":{"line":11,"column":2},"end":{"line":11,"column":null}},"6":{"start":{"line":17,"column":22},"end":{"line":17,"column":null}},"7":{"start":{"line":18,"column":8},"end":{"line":18,"column":null}},"8":{"start":{"line":19,"column":2},"end":{"line":19,"column":null}},"9":{"start":{"line":23,"column":8},"end":{"line":23,"column":null}},"10":{"start":{"line":24,"column":2},"end":{"line":24,"column":null}},"11":{"start":{"line":28,"column":2},"end":{"line":29,"column":null}},"12":{"start":{"line":29,"column":4},"end":{"line":29,"column":null}}},"fnMap":{"0":{"name":"getKgs","decl":{"start":{"line":2,"column":16},"end":{"line":2,"column":23}},"loc":{"start":{"line":2,"column":44},"end":{"line":6,"column":null}},"line":2},"1":{"name":"getCm","decl":{"start":{"line":8,"column":16},"end":{"line":8,"column":22}},"loc":{"start":{"line":8,"column":43},"end":{"line":12,"column":null}},"line":8},"2":{"name":"getLbs","decl":{"start":{"line":16,"column":16},"end":{"line":16,"column":23}},"loc":{"start":{"line":16,"column":44},"end":{"line":20,"column":null}},"line":16},"3":{"name":"getFeet","decl":{"start":{"line":22,"column":16},"end":{"line":22,"column":24}},"loc":{"start":{"line":22,"column":77},"end":{"line":25,"column":null}},"line":22},"4":{"name":"getCapital","decl":{"start":{"line":27,"column":16},"end":{"line":27,"column":27}},"loc":{"start":{"line":27,"column":72},"end":{"line":30,"column":null}},"line":27}},"branchMap":{"0":{"loc":{"start":{"line":28,"column":2},"end":{"line":29,"column":null}},"type":"if","locations":[{"start":{"line":28,"column":2},"end":{"line":29,"column":null}},{"start":{},"end":{}}],"line":28}},"s":{"0":0,"1":0,"2":0,"3":0,"4":0,"5":0,"6":0,"7":0,"8":0,"9":0,"10":0,"11":5,"12":5},"f":{"0":0,"1":0,"2":0,"3":0,"4":5},"b":{"0":[5,0]},"meta":{"lastBranch":1,"lastFunction":5,"lastStatement":13,"seen":{"f:2:16:2:23":0,"s:3:22:3:Infinity":0,"s:4:8:4:Infinity":1,"s:5:2:5:Infinity":2,"f:8:16:8:22":1,"s:9:22:9:Infinity":3,"s:10:21:10:Infinity":4,"s:11:2:11:Infinity":5,"f:16:16:16:23":2,"s:17:22:17:Infinity":6,"s:18:8:18:Infinity":7,"s:19:2:19:Infinity":8,"f:22:16:22:24":3,"s:23:8:23:Infinity":9,"s:24:2:24:Infinity":10,"f:27:16:27:27":4,"b:28:2:29:Infinity:undefined:undefined:undefined:undefined":0,"s:28:2:29:Infinity":11,"s:29:4:29:Infinity":12}}}
}
