TN:
SF:components/imagePortal.vue
FN:1,(anonymous_0)
FNF:1
FNH:1
FNDA:8,(anonymous_0)
DA:1,1
DA:16,5
DA:19,1
DA:33,1
DA:34,1
DA:40,1
DA:41,8
LF:7
LH:7
BRDA:26,0,0,5
BRDA:26,0,1,5
BRDA:43,1,0,8
BRDA:43,1,1,1
BRDA:44,2,0,8
BRDA:44,2,1,1
BRDA:49,3,0,8
BRDA:49,3,1,1
BRF:8
BRH:8
end_of_record
TN:
SF:utils/typeColors.ts
FN:23,(anonymous_0)
FNF:1
FNH:1
FNDA:8,(anonymous_0)
DA:2,1
DA:23,1
DA:24,8
LF:3
LH:3
BRDA:24,0,0,8
BRDA:24,0,1,0
BRF:2
BRH:1
end_of_record
TN:
SF:utils/utils.ts
FN:2,getKgs
FN:8,getCm
FN:16,getLbs
FN:22,getFeet
FN:27,getCapital
FNF:5
FNH:1
FNDA:0,getKgs
FNDA:0,getCm
FNDA:0,getLbs
FNDA:0,getFeet
FNDA:5,getCapital
DA:3,0
DA:4,0
DA:5,0
DA:9,0
DA:10,0
DA:11,0
DA:17,0
DA:18,0
DA:19,0
DA:23,0
DA:24,0
DA:28,5
DA:29,5
LF:13
LH:2
BRDA:28,0,0,5
BRDA:28,0,1,0
BRF:2
BRH:1
end_of_record
